<?xml version="1.0" encoding="UTF-8"?>
<!-- Generated by org.testng.reporters.JUnitXMLReporter -->
<testsuite ignored="0" hostname="DESKTOP-IJVEGUQ" failures="0" tests="5" name="Default test" time="107.162" errors="0" timestamp="2026-03-29T13:27:17 IST">
  <testcase classname="com.provilac.testcases.LandingPageTest" name="verify_provilacLogo" time="0.254"/>
  <testcase classname="com.provilac.testcases.LandingPageTest" name="verify_checkNavItem" time="4.046"/>
  <testcase classname="com.provilac.testcases.LandingPageTest" name="verify_checkAllCitiesName" time="1.125"/>
  <testcase classname="com.provilac.testcases.LandingPageTest" name="verify_ClickLogin" time="1.94"/>
  <testcase classname="com.provilac.testcases.LandingPageTest" name="verify_MoveToDropdown" time="18.246"/>
</testsuite> <!-- Default test -->
