<?xml version="1.0" encoding="UTF-8"?>
<!-- Generated by org.testng.reporters.JUnitXMLReporter -->
<testsuite ignored="4" hostname="DESKTOP-IJVEGUQ" failures="0" tests="1" name="Default test" time="20.457" errors="0" timestamp="2026-03-28T18:05:52 IST">
  <testcase classname="com.provilac.testcases.LandingPageTest" name="verify_ClickLogin" time="2.268"/>
  <testcase classname="com.provilac.testcases.LandingPageTest" name="verify_checkNavItem" time="0.0">
    <ignored/>
  </testcase> <!-- verify_checkNavItem -->
  <testcase classname="com.provilac.testcases.LandingPageTest" name="verify_provilacLogo" time="0.0">
    <ignored/>
  </testcase> <!-- verify_provilacLogo -->
  <testcase classname="com.provilac.testcases.LandingPageTest" name="verify_checkAllCitiesName" time="0.0">
    <ignored/>
  </testcase> <!-- verify_checkAllCitiesName -->
  <testcase classname="com.provilac.testcases.LandingPageTest" name="verify_MoveToDropdown" time="0.0">
    <ignored/>
  </testcase> <!-- verify_MoveToDropdown -->
</testsuite> <!-- Default test -->
