<?xml version="1.0" encoding="UTF-8"?>
<!-- Generated by org.testng.reporters.JUnitXMLReporter -->
<testsuite ignored="5" hostname="DESKTOP-IJVEGUQ" failures="0" tests="2" name="Default test" time="61.141" errors="0" timestamp="2026-03-28T16:44:47 IST">
  <testcase classname="com.provilac.testcases.LoginTest" name="verify_mobile" time="8.781"/>
  <testcase classname="com.provilac.testcases.LoginTest" name="verify_mobile" time="0.462"/>
  <testcase classname="com.provilac.testcases.LoginTest" name="verify_Invalid_OTP" time="0.0">
    <ignored/>
  </testcase> <!-- verify_Invalid_OTP -->
  <testcase classname="com.provilac.testcases.LoginTest" name="verify_referralCodeInputBox" time="0.0">
    <ignored/>
  </testcase> <!-- verify_referralCodeInputBox -->
  <testcase classname="com.provilac.testcases.LoginTest" name="verify_validOTP" time="0.0">
    <ignored/>
  </testcase> <!-- verify_validOTP -->
  <testcase classname="com.provilac.testcases.LoginTest" name="verify_Privacy_Policy" time="0.0">
    <ignored/>
  </testcase> <!-- verify_Privacy_Policy -->
  <testcase classname="com.provilac.testcases.LoginTest" name="verify_MobileError" time="0.0">
    <ignored/>
  </testcase> <!-- verify_MobileError -->
</testsuite> <!-- Default test -->
