<?xml version="1.0" encoding="UTF-8"?>
<testng-results ignored="0" total="5" passed="5" failed="0" skipped="0">
  <reporter-output>
  </reporter-output>
  <suite started-at="2026-03-29T13:25:30 IST" name="Default suite" finished-at="2026-03-29T13:27:17 IST" duration-ms="107162">
    <groups>
    </groups>
    <test started-at="2026-03-29T13:25:30 IST" name="Default test" finished-at="2026-03-29T13:27:17 IST" duration-ms="107162">
      <class name="com.provilac.testcases.LandingPageTest">
        <test-method is-config="true" signature="setUp()[pri:0, instance:com.provilac.testcases.LandingPageTest@eb6449b]" started-at="2026-03-29T13:25:30 IST" name="setUp" finished-at="2026-03-29T13:25:46 IST" duration-ms="16354" status="PASS">
          <reporter-output>
          </reporter-output>
        </test-method> <!-- setUp -->
        <test-method signature="verify_provilacLogo()[pri:1, instance:com.provilac.testcases.LandingPageTest@eb6449b]" started-at="2026-03-29T13:25:46 IST" name="verify_provilacLogo" finished-at="2026-03-29T13:25:47 IST" duration-ms="254" status="PASS">
          <reporter-output>
          </reporter-output>
        </test-method> <!-- verify_provilacLogo -->
        <test-method is-config="true" signature="tearDown()[pri:0, instance:com.provilac.testcases.LandingPageTest@eb6449b]" started-at="2026-03-29T13:25:47 IST" name="tearDown" finished-at="2026-03-29T13:25:47 IST" duration-ms="577" status="PASS">
          <reporter-output>
          </reporter-output>
        </test-method> <!-- tearDown -->
        <test-method is-config="true" signature="setUp()[pri:0, instance:com.provilac.testcases.LandingPageTest@eb6449b]" started-at="2026-03-29T13:25:47 IST" name="setUp" finished-at="2026-03-29T13:26:05 IST" duration-ms="17823" status="PASS">
          <reporter-output>
          </reporter-output>
        </test-method> <!-- setUp -->
        <test-method signature="verify_checkNavItem()[pri:2, instance:com.provilac.testcases.LandingPageTest@eb6449b]" started-at="2026-03-29T13:26:05 IST" name="verify_checkNavItem" finished-at="2026-03-29T13:26:09 IST" duration-ms="4046" status="PASS">
          <reporter-output>
          </reporter-output>
        </test-method> <!-- verify_checkNavItem -->
        <test-method is-config="true" signature="tearDown()[pri:0, instance:com.provilac.testcases.LandingPageTest@eb6449b]" started-at="2026-03-29T13:26:09 IST" name="tearDown" finished-at="2026-03-29T13:26:09 IST" duration-ms="478" status="PASS">
          <reporter-output>
          </reporter-output>
        </test-method> <!-- tearDown -->
        <test-method is-config="true" signature="setUp()[pri:0, instance:com.provilac.testcases.LandingPageTest@eb6449b]" started-at="2026-03-29T13:26:09 IST" name="setUp" finished-at="2026-03-29T13:26:27 IST" duration-ms="17361" status="PASS">
          <reporter-output>
          </reporter-output>
        </test-method> <!-- setUp -->
        <test-method signature="verify_checkAllCitiesName()[pri:3, instance:com.provilac.testcases.LandingPageTest@eb6449b]" started-at="2026-03-29T13:26:27 IST" name="verify_checkAllCitiesName" finished-at="2026-03-29T13:26:28 IST" duration-ms="1125" status="PASS">
          <reporter-output>
          </reporter-output>
        </test-method> <!-- verify_checkAllCitiesName -->
        <test-method is-config="true" signature="tearDown()[pri:0, instance:com.provilac.testcases.LandingPageTest@eb6449b]" started-at="2026-03-29T13:26:28 IST" name="tearDown" finished-at="2026-03-29T13:26:28 IST" duration-ms="518" status="PASS">
          <reporter-output>
          </reporter-output>
        </test-method> <!-- tearDown -->
        <test-method is-config="true" signature="setUp()[pri:0, instance:com.provilac.testcases.LandingPageTest@eb6449b]" started-at="2026-03-29T13:26:28 IST" name="setUp" finished-at="2026-03-29T13:26:43 IST" duration-ms="14817" status="PASS">
          <reporter-output>
          </reporter-output>
        </test-method> <!-- setUp -->
        <test-method signature="verify_ClickLogin()[pri:4, instance:com.provilac.testcases.LandingPageTest@eb6449b]" started-at="2026-03-29T13:26:43 IST" name="verify_ClickLogin" finished-at="2026-03-29T13:26:45 IST" duration-ms="1940" status="PASS">
          <reporter-output>
          </reporter-output>
        </test-method> <!-- verify_ClickLogin -->
        <test-method is-config="true" signature="tearDown()[pri:0, instance:com.provilac.testcases.LandingPageTest@eb6449b]" started-at="2026-03-29T13:26:45 IST" name="tearDown" finished-at="2026-03-29T13:26:46 IST" duration-ms="374" status="PASS">
          <reporter-output>
          </reporter-output>
        </test-method> <!-- tearDown -->
        <test-method is-config="true" signature="setUp()[pri:0, instance:com.provilac.testcases.LandingPageTest@eb6449b]" started-at="2026-03-29T13:26:46 IST" name="setUp" finished-at="2026-03-29T13:26:58 IST" duration-ms="12486" status="PASS">
          <reporter-output>
          </reporter-output>
        </test-method> <!-- setUp -->
        <test-method signature="verify_MoveToDropdown()[pri:5, instance:com.provilac.testcases.LandingPageTest@eb6449b]" started-at="2026-03-29T13:26:58 IST" name="verify_MoveToDropdown" finished-at="2026-03-29T13:27:16 IST" duration-ms="18246" status="PASS">
          <reporter-output>
          </reporter-output>
        </test-method> <!-- verify_MoveToDropdown -->
        <test-method is-config="true" signature="tearDown()[pri:0, instance:com.provilac.testcases.LandingPageTest@eb6449b]" started-at="2026-03-29T13:27:16 IST" name="tearDown" finished-at="2026-03-29T13:27:17 IST" duration-ms="572" status="PASS">
          <reporter-output>
          </reporter-output>
        </test-method> <!-- tearDown -->
      </class> <!-- com.provilac.testcases.LandingPageTest -->
    </test> <!-- Default test -->
  </suite> <!-- Default suite -->
</testng-results>
