<?xml version="1.0" encoding="UTF-8"?>
<!-- Generated by org.testng.reporters.JUnitReportReporter -->
<testsuite hostname="DESKTOP-IJVEGUQ" failures="0" tests="5" name="com.provilac.testcases.LandingPageTest" time="124.520" errors="0" timestamp="2026-03-31T19:11:27 IST" skipped="0">
  <testcase classname="com.provilac.testcases.LandingPageTest" name="verify_provilacLogo" time="10.802"/>
  <testcase classname="com.provilac.testcases.LandingPageTest" name="verify_checkNavItem" time="26.710"/>
  <testcase classname="com.provilac.testcases.LandingPageTest" name="verify_checkAllCitiesName" time="32.439"/>
  <testcase classname="com.provilac.testcases.LandingPageTest" name="verify_ClickLogin" time="14.222"/>
  <testcase classname="com.provilac.testcases.LandingPageTest" name="verify_MoveToDropdown" time="40.347"/>
</testsuite> <!-- com.provilac.testcases.LandingPageTest -->
