<?xml version="1.0" encoding="UTF-8"?>
<!-- Generated by org.testng.reporters.JUnitReportReporter -->
<testsuite hostname="DESKTOP-IJVEGUQ" failures="0" tests="5" name="com.provilac.testcases.LandingPageTest" time="106.971" errors="0" timestamp="2026-03-29T13:27:17 IST" skipped="0">
  <testcase classname="com.provilac.testcases.LandingPageTest" name="verify_provilacLogo" time="18.595"/>
  <testcase classname="com.provilac.testcases.LandingPageTest" name="verify_checkNavItem" time="19.440"/>
  <testcase classname="com.provilac.testcases.LandingPageTest" name="verify_checkAllCitiesName" time="19.058"/>
  <testcase classname="com.provilac.testcases.LandingPageTest" name="verify_ClickLogin" time="18.668"/>
  <testcase classname="com.provilac.testcases.LandingPageTest" name="verify_MoveToDropdown" time="31.210"/>
</testsuite> <!-- com.provilac.testcases.LandingPageTest -->
